<?xml version="1.0" encoding="UTF-8"?>
<!-- Generated by org.testng.reporters.JUnitXMLReporter -->
<testsuite ignored="12" hostname="LAPTOP-U44FM1GC" failures="2" tests="10" name="Test" time="0.409" errors="0" timestamp="2023-01-31T16:27:59 GMT-12:00">
  <testcase classname="testForListeners.RetryAnalyser" name="test1" time="0.017">
    <skipped/>
  </testcase> <!-- test1 -->
  <testcase classname="testForListeners.RetryAnalyser" name="test1" time="0.003">
    <skipped/>
  </testcase> <!-- test1 -->
  <testcase classname="testForListeners.RetryAnalyser" name="test1" time="0.009">
    <skipped/>
  </testcase> <!-- test1 -->
  <testcase classname="testForListeners.RetryAnalyser" name="test1" time="0.008">
    <failure type="java.lang.AssertionError" message="null">
      <![CDATA[java.lang.AssertionError: null
at testForListeners.RetryAnalyser.test1(RetryAnalyser.java:14)
at java.base/java.util.ArrayList.forEach(ArrayList.java:1511)
... Removed 29 stack frames]]>
    </failure>
  </testcase> <!-- test1 -->
  <testcase classname="testForListeners.Test2" name="test2" time="0.007">
    <skipped/>
  </testcase> <!-- test2 -->
  <testcase classname="testForListeners.Test2" name="test2" time="0.024">
    <skipped/>
  </testcase> <!-- test2 -->
  <testcase classname="testForListeners.Test2" name="test2" time="0.004">
    <skipped/>
  </testcase> <!-- test2 -->
  <testcase classname="testForListeners.Test2" name="test2" time="0.004">
    <failure type="java.lang.AssertionError" message="null">
      <![CDATA[java.lang.AssertionError: null
at testForListeners.Test2.test2(Test2.java:15)
at java.base/java.util.ArrayList.forEach(ArrayList.java:1511)
... Removed 29 stack frames]]>
    </failure>
  </testcase> <!-- test2 -->
  <testcase classname="testForListeners.Test3" name="test3" time="0.003"/>
  <testcase classname="testForListeners.Test1" name="test1" time="0.033"/>
  <testcase classname="genericUtilities.BaseClass" name="@BeforeTest beforeTest" time="0.0">
    <ignored/>
  </testcase> <!-- @BeforeTest beforeTest -->
  <testcase classname="genericUtilities.BaseClass" name="@BeforeTest beforeTest" time="0.0">
    <ignored/>
  </testcase> <!-- @BeforeTest beforeTest -->
  <testcase classname="genericUtilities.BaseClass" name="@BeforeTest beforeTest" time="0.0">
    <ignored/>
  </testcase> <!-- @BeforeTest beforeTest -->
  <testcase classname="genericUtilities.BaseClass" name="@BeforeSuite beforeSuite" time="0.0">
    <ignored/>
  </testcase> <!-- @BeforeSuite beforeSuite -->
  <testcase classname="genericUtilities.BaseClass" name="@BeforeSuite beforeSuite" time="0.0">
    <ignored/>
  </testcase> <!-- @BeforeSuite beforeSuite -->
  <testcase classname="genericUtilities.BaseClass" name="@AfterSuite afterSuite" time="0.0">
    <ignored/>
  </testcase> <!-- @AfterSuite afterSuite -->
  <testcase classname="genericUtilities.BaseClass" name="@AfterSuite afterSuite" time="0.0">
    <ignored/>
  </testcase> <!-- @AfterSuite afterSuite -->
  <testcase classname="genericUtilities.BaseClass" name="@AfterSuite afterSuite" time="0.0">
    <ignored/>
  </testcase> <!-- @AfterSuite afterSuite -->
  <testcase classname="genericUtilities.BaseClass" name="@BeforeSuite beforeSuite" time="0.0">
    <ignored/>
  </testcase> <!-- @BeforeSuite beforeSuite -->
  <testcase classname="genericUtilities.BaseClass" name="@AfterTest afterTest" time="0.0">
    <ignored/>
  </testcase> <!-- @AfterTest afterTest -->
  <testcase classname="genericUtilities.BaseClass" name="@AfterTest afterTest" time="0.0">
    <ignored/>
  </testcase> <!-- @AfterTest afterTest -->
  <testcase classname="genericUtilities.BaseClass" name="@AfterTest afterTest" time="0.0">
    <ignored/>
  </testcase> <!-- @AfterTest afterTest -->
</testsuite> <!-- Test -->
