<?xml version="1.0" encoding="UTF-8"?>
<testng-results skipped="0" failed="0" ignored="0" total="1" passed="1">
  <reporter-output>
  </reporter-output>
  <suite name="Default suite" duration-ms="92" started-at="2023-02-08T12:51:28 GMT-12:00" finished-at="2023-02-08T12:51:28 GMT-12:00">
    <groups>
    </groups>
    <test name="Default test" duration-ms="92" started-at="2023-02-08T12:51:28 GMT-12:00" finished-at="2023-02-08T12:51:28 GMT-12:00">
      <class name="timeOutsInTestNg.TimeOuts">
        <test-method status="PASS" signature="ByUsingTimeoutsToFailTC()[pri:0, instance:timeOutsInTestNg.TimeOuts@7cbd213e]" name="ByUsingTimeoutsToFailTC" duration-ms="11" started-at="2023-02-08T12:51:28 GMT-12:00" finished-at="2023-02-08T12:51:28 GMT-12:00">
          <reporter-output>
          </reporter-output>
        </test-method> <!-- ByUsingTimeoutsToFailTC -->
      </class> <!-- timeOutsInTestNg.TimeOuts -->
    </test> <!-- Default test -->
  </suite> <!-- Default suite -->
</testng-results>
